<?xml version="1.0" encoding="UTF-8"?>
<!-- Generated by org.testng.reporters.JUnitReportReporter -->
<testsuite skipped="0" hostname="LAPTOP-2TR9QOUP" name="Automation_Suite2.TestClass1" tests="1" failures="0" timestamp="20 Sep 2018 03:42:10 GMT" time="11.731" errors="0">
  <testcase name="C1M1" time="11.731" classname="Automation_Suite2.TestClass1"/>
</testsuite> <!-- Automation_Suite2.TestClass1 -->
